<?xml version="1.0" encoding="UTF-8"?>
<!-- Generated by org.testng.reporters.JUnitReportReporter -->
<testsuite hostname="NAMITA" failures="0" tests="1" name="cucumberOption.SauseRunner" time="64.055" errors="0" timestamp="2024-11-26T14:36:38 IST" skipped="0">
  <testcase classname="cucumberOption.SauseRunner" name="runScenario" time="64.055"/>
</testsuite> <!-- cucumberOption.SauseRunner -->
